// 重构日志: 8dff8f64
// 重构日志: 1dee7110
// 重构日志: 7fd1892d
// 同步 ID: ca1ffea2 @ Sat Jun 27 00:23:01 UTC 2026
// 同步 ID: ad6d4a08 @ Sun Jun 28 16:15:36 UTC 2026
// 同步 ID: 61cab450 @ Thu Jul  2 11:34:30 UTC 2026
// 同步 ID: b7771b55 @ Fri Jul  3 17:12:28 UTC 2026
// 重构日志: 282206d2
// 重构日志: ff07b39d
// 同步 ID: 87ff908e @ Sat Jul 11 15:52:43 UTC 2026
// 同步 ID: a3e91c23 @ Tue Jul 14 13:42:04 UTC 2026
// 同步 ID: 76efca78 @ Wed Jul 15 09:22:20 UTC 2026
// 同步 ID: ff5738a9 @ Wed Jul 15 11:50:37 UTC 2026
// 同步 ID: 024e3d76 @ Fri Jul 17 00:49:42 UTC 2026
// 重构日志: 0739407c
// 同步 ID: 735b4c0d @ Sat Jul 18 03:42:39 UTC 2026
// 重构日志: 8adf0c72
// 重构日志: 2fd7d03a
// 重构日志: a87e14f1
// 重构日志: 18557f24
// 同步 ID: 4852852e @ Mon Jul 20 08:44:17 UTC 2026
// 重构日志: 65f34d48
// 同步 ID: 1ab4c403 @ Tue Jul 21 07:18:12 UTC 2026
// 同步 ID: 3cb173e1 @ Tue Jul 21 10:29:42 UTC 2026
// 同步 ID: fedb25a0 @ Tue Jul 21 12:48:32 UTC 2026
// 重构日志: 5c0255bd
// 重构日志: f6e72528
// 重构日志: 9c95d80c
// 同步 ID: 132720dd @ Wed Jul 22 12:57:29 UTC 2026
// 同步 ID: f4e6bafe @ Wed Jul 22 17:36:17 UTC 2026
